<conduit>
    <defaults>
        <rootdir>/conduittest-findpart1</rootdir>
        <retentioninhours>24</retentioninhours>
        <trashretentioninhours>24</trashretentioninhours>
    </defaults>

    <!-- A stream can have only one primary and multiple mirrors as destinations
      -->
    <streams>
        <stream name="test1" hcatenabled="true">
            <sources>
                <source>
                    <name>testcluster1</name>
                    <retentioninhours>12</retentioninhours>
                </source>
            </sources>
            <destinations>
            </destinations>
        </stream>
    </streams>

    <clusters>
        <cluster name="testcluster1"
                 hdfsurl="file:///tmp/lsstest/testcluster1"
                 jturl="local"
                 jobqueuename="default"
                >
        </cluster>

    </clusters>
</conduit>
