<conduit>
  <defaults>
    <rootdir>/tmp/datapurger-hcat1</rootdir>
    <retentioninhours>1</retentioninhours>
    <trashretentioninhours>4</trashretentioninhours>
  </defaults>

  <!-- A stream can have only one primary and multiple mirrors as destinations
    -->
  <streams>
    <stream name="test1" hcatenabled="true">
      <sources>
        <source>
          <name>testcluster1</name>
          <retentioninhours>2</retentioninhours>
        </source>
      </sources>
      <destinations>
  <destination>
          <primary>true</primary>
          <name>testcluster1</name>
          <retentioninhours>2</retentioninhours>
        </destination>
      </destinations>
    </stream>
  </streams>

  <clusters>
    <cluster name="testcluster1" hdfsurl="file:///"
             jturl="local"
             jobqueuename="default"
             >
    </cluster>

  </clusters>
</conduit>
